[
  {
    "line": 1,
    "elements": [
      {
        "line": 11,
        "name": "Login Adactin Hotel Booking App",
        "description": "",
        "id": "booking-hotel;login-adactin-hotel-booking-app;;2",
        "type": "scenario",
        "keyword": "Scenario Outline",
        "steps": [
          {
            "result": {
              "duration": 11997514900,
              "status": "passed"
            },
            "line": 4,
            "name": "Launch the application",
            "match": {
              "location": "StepDefinition_Class.launch_the_application()"
            },
            "keyword": "Given "
          },
          {
            "result": {
              "status": "undefined"
            },
            "line": 5,
            "name": "Enter the username as aj23daniel",
            "match": {},
            "matchedColumns": [
              0
            ],
            "keyword": "When "
          },
          {
            "result": {
              "status": "undefined"
            },
            "line": 6,
            "name": "Enter password as charizard",
            "match": {},
            "matchedColumns": [
              1
            ],
            "keyword": "And "
          },
          {
            "result": {
              "status": "skipped"
            },
            "line": 7,
            "name": "Click Login Button",
            "match": {
              "location": "StepDefinition_Class.click_Login_Button()"
            },
            "keyword": "Then "
          }
        ],
        "tags": [
          {
            "line": 2,
            "name": "@LaunchTest"
          }
        ]
      },
      {
        "line": 12,
        "name": "Login Adactin Hotel Booking App",
        "description": "",
        "id": "booking-hotel;login-adactin-hotel-booking-app;;3",
        "type": "scenario",
        "keyword": "Scenario Outline",
        "steps": [
          {
            "result": {
              "duration": 635400100,
              "status": "passed"
            },
            "line": 4,
            "name": "Launch the application",
            "match": {
              "location": "StepDefinition_Class.launch_the_application()"
            },
            "keyword": "Given "
          },
          {
            "result": {
              "status": "undefined"
            },
            "line": 5,
            "name": "Enter the username as ajaydaniel",
            "match": {},
            "matchedColumns": [
              0
            ],
            "keyword": "When "
          },
          {
            "result": {
              "status": "undefined"
            },
            "line": 6,
            "name": "Enter password as charizard",
            "match": {},
            "matchedColumns": [
              1
            ],
            "keyword": "And "
          },
          {
            "result": {
              "status": "skipped"
            },
            "line": 7,
            "name": "Click Login Button",
            "match": {
              "location": "StepDefinition_Class.click_Login_Button()"
            },
            "keyword": "Then "
          }
        ],
        "tags": [
          {
            "line": 2,
            "name": "@LaunchTest"
          }
        ]
      },
      {
        "line": 13,
        "name": "Login Adactin Hotel Booking App",
        "description": "",
        "id": "booking-hotel;login-adactin-hotel-booking-app;;4",
        "type": "scenario",
        "keyword": "Scenario Outline",
        "steps": [
          {
            "result": {
              "duration": 424208200,
              "status": "passed"
            },
            "line": 4,
            "name": "Launch the application",
            "match": {
              "location": "StepDefinition_Class.launch_the_application()"
            },
            "keyword": "Given "
          },
          {
            "result": {
              "status": "undefined"
            },
            "line": 5,
            "name": "Enter the username as ronaldo",
            "match": {},
            "matchedColumns": [
              0
            ],
            "keyword": "When "
          },
          {
            "result": {
              "status": "undefined"
            },
            "line": 6,
            "name": "Enter password as manchester_United",
            "match": {},
            "matchedColumns": [
              1
            ],
            "keyword": "And "
          },
          {
            "result": {
              "status": "skipped"
            },
            "line": 7,
            "name": "Click Login Button",
            "match": {
              "location": "StepDefinition_Class.click_Login_Button()"
            },
            "keyword": "Then "
          }
        ],
        "tags": [
          {
            "line": 2,
            "name": "@LaunchTest"
          }
        ]
      },
      {
        "line": 14,
        "name": "Login Adactin Hotel Booking App",
        "description": "",
        "id": "booking-hotel;login-adactin-hotel-booking-app;;5",
        "type": "scenario",
        "keyword": "Scenario Outline",
        "steps": [
          {
            "result": {
              "duration": 412253100,
              "status": "passed"
            },
            "line": 4,
            "name": "Launch the application",
            "match": {
              "location": "StepDefinition_Class.launch_the_application()"
            },
            "keyword": "Given "
          },
          {
            "result": {
              "status": "undefined"
            },
            "line": 5,
            "name": "Enter the username as aj23daniel",
            "match": {},
            "matchedColumns": [
              0
            ],
            "keyword": "When "
          },
          {
            "result": {
              "status": "undefined"
            },
            "line": 6,
            "name": "Enter password as charizard",
            "match": {},
            "matchedColumns": [
              1
            ],
            "keyword": "And "
          },
          {
            "result": {
              "status": "skipped"
            },
            "line": 7,
            "name": "Click Login Button",
            "match": {
              "location": "StepDefinition_Class.click_Login_Button()"
            },
            "keyword": "Then "
          }
        ],
        "tags": [
          {
            "line": 2,
            "name": "@LaunchTest"
          }
        ]
      },
      {
        "line": 16,
        "name": "Search Hotel by Entering the Required Options",
        "description": "",
        "id": "booking-hotel;search-hotel-by-entering-the-required-options",
        "type": "scenario",
        "keyword": "Scenario",
        "steps": [
          {
            "result": {
              "duration": 3076467900,
              "error_message": "org.openqa.selenium.NoSuchElementException: no such element: Unable to locate element: {\"method\":\"css selector\",\"selector\":\"#location\"}\n  (Session info: chrome\u003d101.0.4951.54)\nFor documentation on this error, please visit: https://www.seleniumhq.org/exceptions/no_such_element.html\nBuild info: version: \u00273.141.59\u0027, revision: \u0027e82be7d358\u0027, time: \u00272018-11-14T08:17:03\u0027\nSystem info: host: \u0027LAPTOP-6MPQ6O6R\u0027, ip: \u0027192.168.29.248\u0027, os.name: \u0027Windows 10\u0027, os.arch: \u0027amd64\u0027, os.version: \u002710.0\u0027, java.version: \u00271.8.0_281\u0027\nDriver info: org.openqa.selenium.chrome.ChromeDriver\nCapabilities {acceptInsecureCerts: false, browserName: chrome, browserVersion: 101.0.4951.54, chrome: {chromedriverVersion: 101.0.4951.41 (93c720db8323..., userDataDir: C:\\Users\\ajayd\\AppData\\Loca...}, goog:chromeOptions: {debuggerAddress: localhost:60243}, javascriptEnabled: true, networkConnectionEnabled: false, pageLoadStrategy: normal, platform: WINDOWS, platformName: WINDOWS, proxy: Proxy(), setWindowRect: true, strictFileInteractability: false, timeouts: {implicit: 0, pageLoad: 300000, script: 30000}, unhandledPromptBehavior: dismiss and notify, webauthn:extension:credBlob: true, webauthn:extension:largeBlob: true, webauthn:virtualAuthenticators: true}\nSession ID: 9068c3c827b9bc2f12e97046d2ae2086\n*** Element info: {Using\u003did, value\u003dlocation}\r\n\tat sun.reflect.NativeConstructorAccessorImpl.newInstance0(Native Method)\r\n\tat sun.reflect.NativeConstructorAccessorImpl.newInstance(Unknown Source)\r\n\tat sun.reflect.DelegatingConstructorAccessorImpl.newInstance(Unknown Source)\r\n\tat java.lang.reflect.Constructor.newInstance(Unknown Source)\r\n\tat org.openqa.selenium.remote.http.W3CHttpResponseCodec.createException(W3CHttpResponseCodec.java:187)\r\n\tat org.openqa.selenium.remote.http.W3CHttpResponseCodec.decode(W3CHttpResponseCodec.java:122)\r\n\tat org.openqa.selenium.remote.http.W3CHttpResponseCodec.decode(W3CHttpResponseCodec.java:49)\r\n\tat org.openqa.selenium.remote.HttpCommandExecutor.execute(HttpCommandExecutor.java:158)\r\n\tat org.openqa.selenium.remote.service.DriverCommandExecutor.execute(DriverCommandExecutor.java:83)\r\n\tat org.openqa.selenium.remote.RemoteWebDriver.execute(RemoteWebDriver.java:552)\r\n\tat org.openqa.selenium.remote.RemoteWebDriver.findElement(RemoteWebDriver.java:323)\r\n\tat org.openqa.selenium.remote.RemoteWebDriver.findElementById(RemoteWebDriver.java:372)\r\n\tat org.openqa.selenium.By$ById.findElement(By.java:188)\r\n\tat org.openqa.selenium.remote.RemoteWebDriver.findElement(RemoteWebDriver.java:315)\r\n\tat org.openqa.selenium.support.pagefactory.DefaultElementLocator.findElement(DefaultElementLocator.java:69)\r\n\tat org.openqa.selenium.support.pagefactory.internal.LocatingElementHandler.invoke(LocatingElementHandler.java:38)\r\n\tat com.sun.proxy.$Proxy17.getTagName(Unknown Source)\r\n\tat org.openqa.selenium.support.ui.Select.\u003cinit\u003e(Select.java:45)\r\n\tat com.Adacting_Base_Class.Base_Class_Adactin.dropdown(Base_Class_Adactin.java:39)\r\n\tat com.adactin.stepdefinition.StepDefinition_Class.select_the_Location(StepDefinition_Class.java:61)\r\n\tat ✽.When Select the Location(Adactin.feature:17)\r\n",
              "status": "failed"
            },
            "line": 17,
            "name": "Select the Location",
            "match": {
              "location": "StepDefinition_Class.select_the_Location()"
            },
            "keyword": "When "
          },
          {
            "result": {
              "status": "skipped"
            },
            "line": 18,
            "name": "Select the Hotel from the  given options",
            "match": {
              "location": "StepDefinition_Class.select_the_Hotel_from_the_given_options()"
            },
            "keyword": "And "
          },
          {
            "result": {
              "status": "skipped"
            },
            "line": 19,
            "name": "Select the type of Room needed for your stay",
            "match": {
              "location": "StepDefinition_Class.select_the_type_of_Room_needed_for_your_stay()"
            },
            "keyword": "And "
          },
          {
            "result": {
              "status": "skipped"
            },
            "line": 20,
            "name": "Choose the number of Rooms needed",
            "match": {
              "location": "StepDefinition_Class.choose_the_number_of_Rooms_needed()"
            },
            "keyword": "And "
          },
          {
            "result": {
              "status": "skipped"
            },
            "line": 21,
            "name": "Enter Check In Date",
            "match": {
              "location": "StepDefinition_Class.enter_Check_In_Date()"
            },
            "keyword": "And "
          },
          {
            "result": {
              "status": "skipped"
            },
            "line": 22,
            "name": "Enter Check out Date",
            "match": {
              "location": "StepDefinition_Class.enter_Check_out_Date()"
            },
            "keyword": "And "
          },
          {
            "result": {
              "status": "skipped"
            },
            "line": 23,
            "name": "Enter the Adults per room",
            "match": {
              "location": "StepDefinition_Class.enter_the_Adults_per_room()"
            },
            "keyword": "And "
          },
          {
            "result": {
              "status": "skipped"
            },
            "line": 24,
            "name": "Enter the CHildrens per room",
            "match": {
              "location": "StepDefinition_Class.enter_the_CHildrens_per_room()"
            },
            "keyword": "And "
          },
          {
            "result": {
              "status": "skipped"
            },
            "line": 25,
            "name": "Click Search Button",
            "match": {
              "location": "StepDefinition_Class.click_Search_Button()"
            },
            "keyword": "Then "
          }
        ]
      },
      {
        "line": 27,
        "name": "Click on the Hotels available based on Required Options entered",
        "description": "",
        "id": "booking-hotel;click-on-the-hotels-available-based-on-required-options-entered",
        "type": "scenario",
        "keyword": "Scenario",
        "steps": [
          {
            "result": {
              "duration": 21275600,
              "error_message": "org.openqa.selenium.NoSuchElementException: no such element: Unable to locate element: {\"method\":\"css selector\",\"selector\":\"#radiobutton_0\"}\n  (Session info: chrome\u003d101.0.4951.54)\nFor documentation on this error, please visit: https://www.seleniumhq.org/exceptions/no_such_element.html\nBuild info: version: \u00273.141.59\u0027, revision: \u0027e82be7d358\u0027, time: \u00272018-11-14T08:17:03\u0027\nSystem info: host: \u0027LAPTOP-6MPQ6O6R\u0027, ip: \u0027192.168.29.248\u0027, os.name: \u0027Windows 10\u0027, os.arch: \u0027amd64\u0027, os.version: \u002710.0\u0027, java.version: \u00271.8.0_281\u0027\nDriver info: org.openqa.selenium.chrome.ChromeDriver\nCapabilities {acceptInsecureCerts: false, browserName: chrome, browserVersion: 101.0.4951.54, chrome: {chromedriverVersion: 101.0.4951.41 (93c720db8323..., userDataDir: C:\\Users\\ajayd\\AppData\\Loca...}, goog:chromeOptions: {debuggerAddress: localhost:60243}, javascriptEnabled: true, networkConnectionEnabled: false, pageLoadStrategy: normal, platform: WINDOWS, platformName: WINDOWS, proxy: Proxy(), setWindowRect: true, strictFileInteractability: false, timeouts: {implicit: 0, pageLoad: 300000, script: 30000}, unhandledPromptBehavior: dismiss and notify, webauthn:extension:credBlob: true, webauthn:extension:largeBlob: true, webauthn:virtualAuthenticators: true}\nSession ID: 9068c3c827b9bc2f12e97046d2ae2086\n*** Element info: {Using\u003did, value\u003dradiobutton_0}\r\n\tat sun.reflect.NativeConstructorAccessorImpl.newInstance0(Native Method)\r\n\tat sun.reflect.NativeConstructorAccessorImpl.newInstance(Unknown Source)\r\n\tat sun.reflect.DelegatingConstructorAccessorImpl.newInstance(Unknown Source)\r\n\tat java.lang.reflect.Constructor.newInstance(Unknown Source)\r\n\tat org.openqa.selenium.remote.http.W3CHttpResponseCodec.createException(W3CHttpResponseCodec.java:187)\r\n\tat org.openqa.selenium.remote.http.W3CHttpResponseCodec.decode(W3CHttpResponseCodec.java:122)\r\n\tat org.openqa.selenium.remote.http.W3CHttpResponseCodec.decode(W3CHttpResponseCodec.java:49)\r\n\tat org.openqa.selenium.remote.HttpCommandExecutor.execute(HttpCommandExecutor.java:158)\r\n\tat org.openqa.selenium.remote.service.DriverCommandExecutor.execute(DriverCommandExecutor.java:83)\r\n\tat org.openqa.selenium.remote.RemoteWebDriver.execute(RemoteWebDriver.java:552)\r\n\tat org.openqa.selenium.remote.RemoteWebDriver.findElement(RemoteWebDriver.java:323)\r\n\tat org.openqa.selenium.remote.RemoteWebDriver.findElementById(RemoteWebDriver.java:372)\r\n\tat org.openqa.selenium.By$ById.findElement(By.java:188)\r\n\tat org.openqa.selenium.remote.RemoteWebDriver.findElement(RemoteWebDriver.java:315)\r\n\tat org.openqa.selenium.support.pagefactory.DefaultElementLocator.findElement(DefaultElementLocator.java:69)\r\n\tat org.openqa.selenium.support.pagefactory.internal.LocatingElementHandler.invoke(LocatingElementHandler.java:38)\r\n\tat com.sun.proxy.$Proxy17.click(Unknown Source)\r\n\tat com.Adacting_Base_Class.Base_Class_Adactin.clickbutton(Base_Class_Adactin.java:36)\r\n\tat com.adactin.stepdefinition.StepDefinition_Class.select_the_Hotel(StepDefinition_Class.java:106)\r\n\tat ✽.When select the Hotel(Adactin.feature:28)\r\n",
              "status": "failed"
            },
            "line": 28,
            "name": "select the Hotel",
            "match": {
              "location": "StepDefinition_Class.select_the_Hotel()"
            },
            "keyword": "When "
          },
          {
            "result": {
              "status": "skipped"
            },
            "line": 29,
            "name": "click search button",
            "match": {
              "location": "StepDefinition_Class.click_search_button()"
            },
            "keyword": "Then "
          }
        ]
      },
      {
        "line": 31,
        "name": "Enter the Personal Details",
        "description": "",
        "id": "booking-hotel;enter-the-personal-details",
        "type": "scenario",
        "keyword": "Scenario",
        "steps": [
          {
            "result": {
              "duration": 21989500,
              "error_message": "org.openqa.selenium.NoSuchElementException: no such element: Unable to locate element: {\"method\":\"css selector\",\"selector\":\"#first_name\"}\n  (Session info: chrome\u003d101.0.4951.54)\nFor documentation on this error, please visit: https://www.seleniumhq.org/exceptions/no_such_element.html\nBuild info: version: \u00273.141.59\u0027, revision: \u0027e82be7d358\u0027, time: \u00272018-11-14T08:17:03\u0027\nSystem info: host: \u0027LAPTOP-6MPQ6O6R\u0027, ip: \u0027192.168.29.248\u0027, os.name: \u0027Windows 10\u0027, os.arch: \u0027amd64\u0027, os.version: \u002710.0\u0027, java.version: \u00271.8.0_281\u0027\nDriver info: org.openqa.selenium.chrome.ChromeDriver\nCapabilities {acceptInsecureCerts: false, browserName: chrome, browserVersion: 101.0.4951.54, chrome: {chromedriverVersion: 101.0.4951.41 (93c720db8323..., userDataDir: C:\\Users\\ajayd\\AppData\\Loca...}, goog:chromeOptions: {debuggerAddress: localhost:60243}, javascriptEnabled: true, networkConnectionEnabled: false, pageLoadStrategy: normal, platform: WINDOWS, platformName: WINDOWS, proxy: Proxy(), setWindowRect: true, strictFileInteractability: false, timeouts: {implicit: 0, pageLoad: 300000, script: 30000}, unhandledPromptBehavior: dismiss and notify, webauthn:extension:credBlob: true, webauthn:extension:largeBlob: true, webauthn:virtualAuthenticators: true}\nSession ID: 9068c3c827b9bc2f12e97046d2ae2086\n*** Element info: {Using\u003did, value\u003dfirst_name}\r\n\tat sun.reflect.NativeConstructorAccessorImpl.newInstance0(Native Method)\r\n\tat sun.reflect.NativeConstructorAccessorImpl.newInstance(Unknown Source)\r\n\tat sun.reflect.DelegatingConstructorAccessorImpl.newInstance(Unknown Source)\r\n\tat java.lang.reflect.Constructor.newInstance(Unknown Source)\r\n\tat org.openqa.selenium.remote.http.W3CHttpResponseCodec.createException(W3CHttpResponseCodec.java:187)\r\n\tat org.openqa.selenium.remote.http.W3CHttpResponseCodec.decode(W3CHttpResponseCodec.java:122)\r\n\tat org.openqa.selenium.remote.http.W3CHttpResponseCodec.decode(W3CHttpResponseCodec.java:49)\r\n\tat org.openqa.selenium.remote.HttpCommandExecutor.execute(HttpCommandExecutor.java:158)\r\n\tat org.openqa.selenium.remote.service.DriverCommandExecutor.execute(DriverCommandExecutor.java:83)\r\n\tat org.openqa.selenium.remote.RemoteWebDriver.execute(RemoteWebDriver.java:552)\r\n\tat org.openqa.selenium.remote.RemoteWebDriver.findElement(RemoteWebDriver.java:323)\r\n\tat org.openqa.selenium.remote.RemoteWebDriver.findElementById(RemoteWebDriver.java:372)\r\n\tat org.openqa.selenium.By$ById.findElement(By.java:188)\r\n\tat org.openqa.selenium.remote.RemoteWebDriver.findElement(RemoteWebDriver.java:315)\r\n\tat org.openqa.selenium.support.pagefactory.DefaultElementLocator.findElement(DefaultElementLocator.java:69)\r\n\tat org.openqa.selenium.support.pagefactory.internal.LocatingElementHandler.invoke(LocatingElementHandler.java:38)\r\n\tat com.sun.proxy.$Proxy17.sendKeys(Unknown Source)\r\n\tat com.Adacting_Base_Class.Base_Class_Adactin.sendvalue(Base_Class_Adactin.java:29)\r\n\tat com.adactin.stepdefinition.StepDefinition_Class.enter_First_name(StepDefinition_Class.java:116)\r\n\tat ✽.When Enter First name(Adactin.feature:32)\r\n",
              "status": "failed"
            },
            "line": 32,
            "name": "Enter First name",
            "match": {
              "location": "StepDefinition_Class.enter_First_name()"
            },
            "keyword": "When "
          },
          {
            "result": {
              "status": "skipped"
            },
            "line": 33,
            "name": "Enter Last Name",
            "match": {
              "location": "StepDefinition_Class.enter_Last_Name()"
            },
            "keyword": "And "
          },
          {
            "result": {
              "status": "skipped"
            },
            "line": 34,
            "name": "Enter Billing Address",
            "match": {
              "location": "StepDefinition_Class.enter_Billing_Address()"
            },
            "keyword": "And "
          },
          {
            "result": {
              "status": "skipped"
            },
            "line": 35,
            "name": "Enter Credit Card Number",
            "match": {
              "location": "StepDefinition_Class.enter_Credit_Card_Number()"
            },
            "keyword": "And "
          },
          {
            "result": {
              "status": "skipped"
            },
            "line": 36,
            "name": "choose the card type",
            "match": {
              "location": "StepDefinition_Class.choose_the_card_type()"
            },
            "keyword": "And "
          },
          {
            "result": {
              "status": "skipped"
            },
            "line": 37,
            "name": "Choose the Expiry date",
            "match": {
              "location": "StepDefinition_Class.choose_the_Expiry_date()"
            },
            "keyword": "And "
          },
          {
            "result": {
              "status": "skipped"
            },
            "line": 38,
            "name": "Choose the Exiry Month",
            "match": {
              "location": "StepDefinition_Class.choose_the_Exiry_Month()"
            },
            "keyword": "And "
          },
          {
            "result": {
              "status": "skipped"
            },
            "line": 39,
            "name": "Enter the CVV numebr",
            "match": {
              "location": "StepDefinition_Class.enter_the_CVV_numebr()"
            },
            "keyword": "And "
          },
          {
            "result": {
              "status": "skipped"
            },
            "line": 40,
            "name": "Click Book Now",
            "match": {
              "location": "StepDefinition_Class.click_Book_Now()"
            },
            "keyword": "Then "
          }
        ]
      },
      {
        "line": 42,
        "name": "Once the Booking is complete Log out",
        "description": "",
        "id": "booking-hotel;once-the-booking-is-complete-log-out",
        "type": "scenario",
        "keyword": "Scenario",
        "steps": [
          {
            "result": {
              "duration": 20034589300,
              "error_message": "org.openqa.selenium.NoSuchElementException: no such element: Unable to locate element: {\"method\":\"css selector\",\"selector\":\"#search_hotel\"}\n  (Session info: chrome\u003d101.0.4951.54)\nFor documentation on this error, please visit: https://www.seleniumhq.org/exceptions/no_such_element.html\nBuild info: version: \u00273.141.59\u0027, revision: \u0027e82be7d358\u0027, time: \u00272018-11-14T08:17:03\u0027\nSystem info: host: \u0027LAPTOP-6MPQ6O6R\u0027, ip: \u0027192.168.29.248\u0027, os.name: \u0027Windows 10\u0027, os.arch: \u0027amd64\u0027, os.version: \u002710.0\u0027, java.version: \u00271.8.0_281\u0027\nDriver info: org.openqa.selenium.chrome.ChromeDriver\nCapabilities {acceptInsecureCerts: false, browserName: chrome, browserVersion: 101.0.4951.54, chrome: {chromedriverVersion: 101.0.4951.41 (93c720db8323..., userDataDir: C:\\Users\\ajayd\\AppData\\Loca...}, goog:chromeOptions: {debuggerAddress: localhost:60243}, javascriptEnabled: true, networkConnectionEnabled: false, pageLoadStrategy: normal, platform: WINDOWS, platformName: WINDOWS, proxy: Proxy(), setWindowRect: true, strictFileInteractability: false, timeouts: {implicit: 0, pageLoad: 300000, script: 30000}, unhandledPromptBehavior: dismiss and notify, webauthn:extension:credBlob: true, webauthn:extension:largeBlob: true, webauthn:virtualAuthenticators: true}\nSession ID: 9068c3c827b9bc2f12e97046d2ae2086\n*** Element info: {Using\u003did, value\u003dsearch_hotel}\r\n\tat sun.reflect.NativeConstructorAccessorImpl.newInstance0(Native Method)\r\n\tat sun.reflect.NativeConstructorAccessorImpl.newInstance(Unknown Source)\r\n\tat sun.reflect.DelegatingConstructorAccessorImpl.newInstance(Unknown Source)\r\n\tat java.lang.reflect.Constructor.newInstance(Unknown Source)\r\n\tat org.openqa.selenium.remote.http.W3CHttpResponseCodec.createException(W3CHttpResponseCodec.java:187)\r\n\tat org.openqa.selenium.remote.http.W3CHttpResponseCodec.decode(W3CHttpResponseCodec.java:122)\r\n\tat org.openqa.selenium.remote.http.W3CHttpResponseCodec.decode(W3CHttpResponseCodec.java:49)\r\n\tat org.openqa.selenium.remote.HttpCommandExecutor.execute(HttpCommandExecutor.java:158)\r\n\tat org.openqa.selenium.remote.service.DriverCommandExecutor.execute(DriverCommandExecutor.java:83)\r\n\tat org.openqa.selenium.remote.RemoteWebDriver.execute(RemoteWebDriver.java:552)\r\n\tat org.openqa.selenium.remote.RemoteWebDriver.findElement(RemoteWebDriver.java:323)\r\n\tat org.openqa.selenium.remote.RemoteWebDriver.findElementById(RemoteWebDriver.java:372)\r\n\tat org.openqa.selenium.By$ById.findElement(By.java:188)\r\n\tat org.openqa.selenium.remote.RemoteWebDriver.findElement(RemoteWebDriver.java:315)\r\n\tat org.openqa.selenium.support.pagefactory.DefaultElementLocator.findElement(DefaultElementLocator.java:69)\r\n\tat org.openqa.selenium.support.pagefactory.internal.LocatingElementHandler.invoke(LocatingElementHandler.java:38)\r\n\tat com.sun.proxy.$Proxy17.click(Unknown Source)\r\n\tat com.Adacting_Base_Class.Base_Class_Adactin.clickbutton(Base_Class_Adactin.java:36)\r\n\tat com.adactin.stepdefinition.StepDefinition_Class.click_the_logout_Button(StepDefinition_Class.java:162)\r\n\tat ✽.Then Click the logout Button(Adactin.feature:43)\r\n",
              "status": "failed"
            },
            "line": 43,
            "name": "Click the logout Button",
            "match": {
              "location": "StepDefinition_Class.click_the_logout_Button()"
            },
            "keyword": "Then "
          }
        ]
      }
    ],
    "name": "Booking Hotel",
    "description": "",
    "id": "booking-hotel",
    "keyword": "Feature",
    "uri": "Adactin.feature"
  }
]